<?xml version="1.0" encoding="UTF-8"?>
<!-- Generated by org.testng.reporters.JUnitReportReporter -->
<testsuite skipped="0" hostname="dell7480" name="com.smartclient.AppTest" tests="1" failures="0" timestamp="01 Mar 2022 09:57:18 GMT" time="0.000" errors="0">
  <testcase name="shouldAnswerWithTrue" time="0.000" classname="com.smartclient.AppTest"/>
</testsuite> <!-- com.smartclient.AppTest -->
